[2025-10-13 12:41:30,158] multiqc                                            [DEBUG  ]  This is MultiQC v1.21
[2025-10-13 12:41:30,160] multiqc                                            [DEBUG  ]  Command used: /auto/brno2/home/duchmil/SW/mambaforge/envs/Multiqc/bin/multiqc --filename Odontarrhena_RNAseq_MultiQC_report --outdir /storage/brno12-cerit/home/duchmil/annotations/Odontarrhena_muralis_2025_10/rnaseq/1_raw_reads/multiqc /storage/brno12-cerit/home/duchmil/annotations/Odontarrhena_muralis_2025_10/rnaseq/1_raw_reads/fastqc
[2025-10-13 12:41:30,513] multiqc                                            [WARNING]  MultiQC Version v1.31 now available!
[2025-10-13 12:41:30,513] multiqc                                            [DEBUG  ]  Latest MultiQC version is v1.31, released 2025-09-05
[2025-10-13 12:41:30,513] multiqc                                            [DEBUG  ]  Working dir : /auto/brno11-elixir/home/duchmil
[2025-10-13 12:41:30,513] multiqc                                            [DEBUG  ]  Template    : default
[2025-10-13 12:41:30,513] multiqc                                            [DEBUG  ]  Running Python 3.11.9 | packaged by conda-forge | (main, Apr 19 2024, 18:36:13) [GCC 12.3.0]
[2025-10-13 12:41:30,514] multiqc                                            [DEBUG  ]  Analysing modules: custom_content, ccs, ngsderive, purple, conpair, isoseq, lima, peddy, somalier, methylqa, mosdepth, phantompeakqualtools, qualimap, bamdst, preseq, hifiasm, quast, qorts, rna_seqc, rockhopper, rsem, rseqc, busco, bustools, goleft_indexcov, gffcompare, disambiguate, supernova, deeptools, sargasso, verifybamid, mirtrace, happy, mirtop, sambamba, gopeaks, homer, hops, macs2, theta2, snpeff, gatk, htseq, bcftools, featureCounts, fgbio, dragen, dragen_fastqc, dedup, pbmarkdup, damageprofiler, mapdamage, biobambam2, jcvi, mtnucratio, picard, vep, bakta, prokka, qc3C, nanostat, samblaster, samtools, sexdeterrmine, seqera_cli, eigenstratdatabasetools, bamtools, jellyfish, vcftools, longranger, stacks, varscan2, snippy, umitools, truvari, megahit, bbmap, bismark, biscuit, diamond, hicexplorer, hicup, hicpro, salmon, kallisto, slamdunk, star, hisat2, tophat, bowtie2, bowtie1, cellranger, snpsplit, odgi, pangolin, nextclade, freyja, humid, kat, leehom, librarian, nonpareil, adapterRemoval, bbduk, clipandmerge, cutadapt, flexbar, sourmash, kaiju, bracken, kraken, malt, motus, trimmomatic, sickle, skewer, sortmerna, biobloomtools, fastq_screen, afterqc, fastp, fastqc, filtlong, prinseqplusplus, pychopper, porechop, pycoqc, minionqc, anglerfish, multivcfanalyzer, clusterflow, checkqc, bcl2fastq, bclconvert, interop, ivar, flash, seqyclean, optitype, whatshap, spaceranger, xenome, xengsort, metaphlan, seqwho
[2025-10-13 12:41:30,514] multiqc                                            [DEBUG  ]  Using temporary directory for creating report: /var/tmp/pbs.13643049.pbs-m1.metacentrum.cz/tmpy9qlr__3
[2025-10-13 12:41:30,540] multiqc                                            [INFO   ]  Search path : /storage/brno12-cerit/home/duchmil/annotations/Odontarrhena_muralis_2025_10/rnaseq/1_raw_reads/fastqc
[2025-10-13 12:41:30,717] multiqc                                            [DEBUG  ]  Summary of files that were skipped by the search: [skipped_module_specific_max_filesize: 156] // [skipped_no_match: 12]
[2025-10-13 12:41:32,045] multiqc                                            [DEBUG  ]  No samples found: custom_content
[2025-10-13 12:41:32,646] multiqc.modules.fastqc.fastqc                      [INFO   ]  Found 12 reports
[2025-10-13 12:41:32,646] multiqc.utils.util_functions                       [DEBUG  ]  Wrote data file multiqc_fastqc.txt
[2025-10-13 12:41:34,880] multiqc.plots.plotly.heatmap                       [DEBUG  ]  Resizing from 495x540 to fit the maximum size 900x500
[2025-10-13 12:41:34,880] multiqc.plots.plotly.heatmap                       [DEBUG  ]  Heatmap size: 900x500, px per element: 81.82x41.67
[2025-10-13 12:41:34,948] multiqc.utils.software_versions                    [DEBUG  ]  Reading software versions from config.software_versions
[2025-10-13 12:41:34,964] multiqc.utils.util_functions                       [DEBUG  ]  Wrote data file multiqc_software_versions.txt
[2025-10-13 12:41:34,978] multiqc.utils.util_functions                       [DEBUG  ]  Wrote data file multiqc_general_stats.txt
[2025-10-13 12:41:34,978] multiqc                                            [DEBUG  ]  Compressing plot data
[2025-10-13 12:41:35,098] multiqc.utils.util_functions                       [DEBUG  ]  Wrote data file multiqc_data.json
[2025-10-13 12:41:35,099] multiqc                                            [INFO   ]  Report      : ../../../brno12-cerit/nfs4/home/duchmil/annotations/Odontarrhena_muralis_2025_10/rnaseq/1_raw_reads/multiqc/Odontarrhena_RNAseq_MultiQC_report.html
[2025-10-13 12:41:35,099] multiqc                                            [INFO   ]  Data        : ../../../brno12-cerit/nfs4/home/duchmil/annotations/Odontarrhena_muralis_2025_10/rnaseq/1_raw_reads/multiqc/Odontarrhena_RNAseq_MultiQC_report_data
[2025-10-13 12:41:35,099] multiqc                                            [DEBUG  ]  Moving data file from '/var/tmp/pbs.13643049.pbs-m1.metacentrum.cz/tmpy9qlr__3/multiqc_data' to '/auto/brno12-cerit/nfs4/home/duchmil/annotations/Odontarrhena_muralis_2025_10/rnaseq/1_raw_reads/multiqc/Odontarrhena_RNAseq_MultiQC_report_data'
[2025-10-13 12:41:35,127] multiqc                                            [DEBUG  ]  Full report path: /auto/brno12-cerit/nfs4/home/duchmil/annotations/Odontarrhena_muralis_2025_10/rnaseq/1_raw_reads/multiqc/Odontarrhena_RNAseq_MultiQC_report.html
[2025-10-13 12:41:37,337] multiqc                                            [INFO   ]  MultiQC complete
