[2024-12-27 22:28:45,499] multiqc                                            [DEBUG  ]  This is MultiQC v1.21
[2024-12-27 22:28:45,511] multiqc                                            [DEBUG  ]  Command used: /auto/brno2/home/duchmil/SW/mambaforge/envs/Multiqc/bin/multiqc --filename Noccaea_RNAseq_MultiQC_report --outdir /storage/brno12-cerit/home/duchmil/annotations/Noccaea_praecox_2024_12/rnaseq/1_raw_reads/multiqc /storage/brno12-cerit/home/duchmil/annotations/Noccaea_praecox_2024_12/rnaseq/1_raw_reads/fastqc
[2024-12-27 22:28:45,911] multiqc                                            [WARNING]  MultiQC Version v1.26 now available!
[2024-12-27 22:28:45,911] multiqc                                            [DEBUG  ]  Latest MultiQC version is v1.26, released 2024-12-21
[2024-12-27 22:28:45,915] multiqc                                            [DEBUG  ]  Working dir : /auto/vestec1-elixir/home/duchmil
[2024-12-27 22:28:45,915] multiqc                                            [DEBUG  ]  Template    : default
[2024-12-27 22:28:45,915] multiqc                                            [DEBUG  ]  Running Python 3.11.9 | packaged by conda-forge | (main, Apr 19 2024, 18:36:13) [GCC 12.3.0]
[2024-12-27 22:28:45,916] multiqc                                            [DEBUG  ]  Analysing modules: custom_content, ccs, ngsderive, purple, conpair, isoseq, lima, peddy, somalier, methylqa, mosdepth, phantompeakqualtools, qualimap, bamdst, preseq, hifiasm, quast, qorts, rna_seqc, rockhopper, rsem, rseqc, busco, bustools, goleft_indexcov, gffcompare, disambiguate, supernova, deeptools, sargasso, verifybamid, mirtrace, happy, mirtop, sambamba, gopeaks, homer, hops, macs2, theta2, snpeff, gatk, htseq, bcftools, featureCounts, fgbio, dragen, dragen_fastqc, dedup, pbmarkdup, damageprofiler, mapdamage, biobambam2, jcvi, mtnucratio, picard, vep, bakta, prokka, qc3C, nanostat, samblaster, samtools, sexdeterrmine, seqera_cli, eigenstratdatabasetools, bamtools, jellyfish, vcftools, longranger, stacks, varscan2, snippy, umitools, truvari, megahit, bbmap, bismark, biscuit, diamond, hicexplorer, hicup, hicpro, salmon, kallisto, slamdunk, star, hisat2, tophat, bowtie2, bowtie1, cellranger, snpsplit, odgi, pangolin, nextclade, freyja, humid, kat, leehom, librarian, nonpareil, adapterRemoval, bbduk, clipandmerge, cutadapt, flexbar, sourmash, kaiju, bracken, kraken, malt, motus, trimmomatic, sickle, skewer, sortmerna, biobloomtools, fastq_screen, afterqc, fastp, fastqc, filtlong, prinseqplusplus, pychopper, porechop, pycoqc, minionqc, anglerfish, multivcfanalyzer, clusterflow, checkqc, bcl2fastq, bclconvert, interop, ivar, flash, seqyclean, optitype, whatshap, spaceranger, xenome, xengsort, metaphlan, seqwho
[2024-12-27 22:28:45,916] multiqc                                            [DEBUG  ]  Using temporary directory for creating report: /var/tmp/pbs.7783963.pbs-m1.metacentrum.cz/tmp5f8mrqdg
[2024-12-27 22:28:46,018] multiqc                                            [INFO   ]  Search path : /storage/brno12-cerit/home/duchmil/annotations/Noccaea_praecox_2024_12/rnaseq/1_raw_reads/fastqc
[2024-12-27 22:28:46,552] multiqc                                            [DEBUG  ]  Summary of files that were skipped by the search: [skipped_module_specific_max_filesize: 286] // [skipped_no_match: 22]
[2024-12-27 22:28:47,891] multiqc                                            [DEBUG  ]  No samples found: custom_content
[2024-12-27 22:28:49,330] multiqc.modules.fastqc.fastqc                      [INFO   ]  Found 22 reports
[2024-12-27 22:28:49,331] multiqc.utils.util_functions                       [DEBUG  ]  Wrote data file multiqc_fastqc.txt
[2024-12-27 22:28:52,935] multiqc.plots.plotly.heatmap                       [DEBUG  ]  Resizing from 495x572 to fit the maximum size 900x500
[2024-12-27 22:28:52,935] multiqc.plots.plotly.heatmap                       [DEBUG  ]  Heatmap size: 900x500, px per element: 81.82x22.73
[2024-12-27 22:28:53,168] multiqc.utils.software_versions                    [DEBUG  ]  Reading software versions from config.software_versions
[2024-12-27 22:28:53,205] multiqc.utils.util_functions                       [DEBUG  ]  Wrote data file multiqc_software_versions.txt
[2024-12-27 22:28:53,225] multiqc.utils.util_functions                       [DEBUG  ]  Wrote data file multiqc_general_stats.txt
[2024-12-27 22:28:53,225] multiqc                                            [DEBUG  ]  Compressing plot data
[2024-12-27 22:28:53,467] multiqc.utils.util_functions                       [DEBUG  ]  Wrote data file multiqc_data.json
[2024-12-27 22:28:53,475] multiqc                                            [INFO   ]  Report      : ../../../brno12-cerit/nfs4/home/duchmil/annotations/Noccaea_praecox_2024_12/rnaseq/1_raw_reads/multiqc/Noccaea_RNAseq_MultiQC_report.html
[2024-12-27 22:28:53,475] multiqc                                            [INFO   ]  Data        : ../../../brno12-cerit/nfs4/home/duchmil/annotations/Noccaea_praecox_2024_12/rnaseq/1_raw_reads/multiqc/Noccaea_RNAseq_MultiQC_report_data
[2024-12-27 22:28:53,475] multiqc                                            [DEBUG  ]  Moving data file from '/var/tmp/pbs.7783963.pbs-m1.metacentrum.cz/tmp5f8mrqdg/multiqc_data' to '/auto/brno12-cerit/nfs4/home/duchmil/annotations/Noccaea_praecox_2024_12/rnaseq/1_raw_reads/multiqc/Noccaea_RNAseq_MultiQC_report_data'
[2024-12-27 22:28:53,651] multiqc                                            [DEBUG  ]  Full report path: /auto/brno12-cerit/nfs4/home/duchmil/annotations/Noccaea_praecox_2024_12/rnaseq/1_raw_reads/multiqc/Noccaea_RNAseq_MultiQC_report.html
[2024-12-27 22:28:55,687] multiqc                                            [INFO   ]  MultiQC complete
