[2025-06-11 15:27:55,773] multiqc                                            [DEBUG  ]  This is MultiQC v1.21
[2025-06-11 15:27:55,775] multiqc                                            [DEBUG  ]  Command used: /auto/brno2/home/duchmil/SW/mambaforge/envs/Multiqc/bin/multiqc --filename Aethionema_RNAseq_MultiQC_report --outdir /storage/brno12-cerit/home/duchmil/annotations/Aethionema_saxatile_2025_06/rnaseq/1_raw_reads/multiqc /storage/brno12-cerit/home/duchmil/annotations/Aethionema_saxatile_2025_06/rnaseq/1_raw_reads/fastqc
[2025-06-11 15:27:56,034] multiqc                                            [WARNING]  MultiQC Version v1.29 now available!
[2025-06-11 15:27:56,034] multiqc                                            [DEBUG  ]  Latest MultiQC version is v1.29, released 2025-05-22
[2025-06-11 15:27:56,035] multiqc                                            [DEBUG  ]  Working dir : /auto/brno11-elixir/home/duchmil
[2025-06-11 15:27:56,035] multiqc                                            [DEBUG  ]  Template    : default
[2025-06-11 15:27:56,035] multiqc                                            [DEBUG  ]  Running Python 3.11.9 | packaged by conda-forge | (main, Apr 19 2024, 18:36:13) [GCC 12.3.0]
[2025-06-11 15:27:56,035] multiqc                                            [DEBUG  ]  Analysing modules: custom_content, ccs, ngsderive, purple, conpair, isoseq, lima, peddy, somalier, methylqa, mosdepth, phantompeakqualtools, qualimap, bamdst, preseq, hifiasm, quast, qorts, rna_seqc, rockhopper, rsem, rseqc, busco, bustools, goleft_indexcov, gffcompare, disambiguate, supernova, deeptools, sargasso, verifybamid, mirtrace, happy, mirtop, sambamba, gopeaks, homer, hops, macs2, theta2, snpeff, gatk, htseq, bcftools, featureCounts, fgbio, dragen, dragen_fastqc, dedup, pbmarkdup, damageprofiler, mapdamage, biobambam2, jcvi, mtnucratio, picard, vep, bakta, prokka, qc3C, nanostat, samblaster, samtools, sexdeterrmine, seqera_cli, eigenstratdatabasetools, bamtools, jellyfish, vcftools, longranger, stacks, varscan2, snippy, umitools, truvari, megahit, bbmap, bismark, biscuit, diamond, hicexplorer, hicup, hicpro, salmon, kallisto, slamdunk, star, hisat2, tophat, bowtie2, bowtie1, cellranger, snpsplit, odgi, pangolin, nextclade, freyja, humid, kat, leehom, librarian, nonpareil, adapterRemoval, bbduk, clipandmerge, cutadapt, flexbar, sourmash, kaiju, bracken, kraken, malt, motus, trimmomatic, sickle, skewer, sortmerna, biobloomtools, fastq_screen, afterqc, fastp, fastqc, filtlong, prinseqplusplus, pychopper, porechop, pycoqc, minionqc, anglerfish, multivcfanalyzer, clusterflow, checkqc, bcl2fastq, bclconvert, interop, ivar, flash, seqyclean, optitype, whatshap, spaceranger, xenome, xengsort, metaphlan, seqwho
[2025-06-11 15:27:56,036] multiqc                                            [DEBUG  ]  Using temporary directory for creating report: /var/tmp/pbs.11180779.pbs-m1.metacentrum.cz/tmpw4v4r199
[2025-06-11 15:27:56,064] multiqc                                            [INFO   ]  Search path : /storage/brno12-cerit/home/duchmil/annotations/Aethionema_saxatile_2025_06/rnaseq/1_raw_reads/fastqc
[2025-06-11 15:27:56,188] multiqc                                            [DEBUG  ]  Summary of files that were skipped by the search: [skipped_module_specific_max_filesize: 130] // [skipped_no_match: 10]
[2025-06-11 15:27:56,844] multiqc                                            [DEBUG  ]  No samples found: custom_content
[2025-06-11 15:27:57,303] multiqc.modules.fastqc.fastqc                      [INFO   ]  Found 10 reports
[2025-06-11 15:27:57,303] multiqc.utils.util_functions                       [DEBUG  ]  Wrote data file multiqc_fastqc.txt
[2025-06-11 15:27:58,669] multiqc.plots.plotly.heatmap                       [DEBUG  ]  Heatmap size: 495x450, px per element: 45.00x45.00
[2025-06-11 15:27:58,746] multiqc.utils.software_versions                    [DEBUG  ]  Reading software versions from config.software_versions
[2025-06-11 15:27:58,764] multiqc.utils.util_functions                       [DEBUG  ]  Wrote data file multiqc_software_versions.txt
[2025-06-11 15:27:58,777] multiqc.utils.util_functions                       [DEBUG  ]  Wrote data file multiqc_general_stats.txt
[2025-06-11 15:27:58,777] multiqc                                            [DEBUG  ]  Compressing plot data
[2025-06-11 15:27:58,911] multiqc.utils.util_functions                       [DEBUG  ]  Wrote data file multiqc_data.json
[2025-06-11 15:27:58,912] multiqc                                            [INFO   ]  Report      : ../../../brno12-cerit/nfs4/home/duchmil/annotations/Aethionema_saxatile_2025_06/rnaseq/1_raw_reads/multiqc/Aethionema_RNAseq_MultiQC_report.html
[2025-06-11 15:27:58,912] multiqc                                            [INFO   ]  Data        : ../../../brno12-cerit/nfs4/home/duchmil/annotations/Aethionema_saxatile_2025_06/rnaseq/1_raw_reads/multiqc/Aethionema_RNAseq_MultiQC_report_data
[2025-06-11 15:27:58,912] multiqc                                            [DEBUG  ]  Moving data file from '/var/tmp/pbs.11180779.pbs-m1.metacentrum.cz/tmpw4v4r199/multiqc_data' to '/auto/brno12-cerit/nfs4/home/duchmil/annotations/Aethionema_saxatile_2025_06/rnaseq/1_raw_reads/multiqc/Aethionema_RNAseq_MultiQC_report_data'
[2025-06-11 15:27:58,935] multiqc                                            [DEBUG  ]  Full report path: /auto/brno12-cerit/nfs4/home/duchmil/annotations/Aethionema_saxatile_2025_06/rnaseq/1_raw_reads/multiqc/Aethionema_RNAseq_MultiQC_report.html
[2025-06-11 15:28:00,335] multiqc                                            [INFO   ]  MultiQC complete
