[2024-12-28 10:47:46,660] multiqc                                            [DEBUG  ]  This is MultiQC v1.21
[2024-12-28 10:47:46,662] multiqc                                            [DEBUG  ]  Command used: /auto/brno2/home/duchmil/SW/mambaforge/envs/Multiqc/bin/multiqc --filename Noccaea_RNAseq_MultiQC_report_after_trimming --outdir /storage/brno12-cerit/home/duchmil/annotations/Noccaea_praecox_2024_12/rnaseq/2_trimmed_reads/multiqc /storage/brno12-cerit/home/duchmil/annotations/Noccaea_praecox_2024_12/rnaseq/2_trimmed_reads/fastqc
[2024-12-28 10:47:46,829] multiqc                                            [WARNING]  MultiQC Version v1.26 now available!
[2024-12-28 10:47:46,829] multiqc                                            [DEBUG  ]  Latest MultiQC version is v1.26, released 2024-12-21
[2024-12-28 10:47:46,831] multiqc                                            [DEBUG  ]  Working dir : /auto/brno12-cerit/nfs4/home/duchmil/annotations/Noccaea_praecox_2024_12/rnaseq/2_trimmed_reads
[2024-12-28 10:47:46,831] multiqc                                            [DEBUG  ]  Template    : default
[2024-12-28 10:47:46,831] multiqc                                            [DEBUG  ]  Running Python 3.11.9 | packaged by conda-forge | (main, Apr 19 2024, 18:36:13) [GCC 12.3.0]
[2024-12-28 10:47:46,833] multiqc                                            [DEBUG  ]  Analysing modules: custom_content, ccs, ngsderive, purple, conpair, isoseq, lima, peddy, somalier, methylqa, mosdepth, phantompeakqualtools, qualimap, bamdst, preseq, hifiasm, quast, qorts, rna_seqc, rockhopper, rsem, rseqc, busco, bustools, goleft_indexcov, gffcompare, disambiguate, supernova, deeptools, sargasso, verifybamid, mirtrace, happy, mirtop, sambamba, gopeaks, homer, hops, macs2, theta2, snpeff, gatk, htseq, bcftools, featureCounts, fgbio, dragen, dragen_fastqc, dedup, pbmarkdup, damageprofiler, mapdamage, biobambam2, jcvi, mtnucratio, picard, vep, bakta, prokka, qc3C, nanostat, samblaster, samtools, sexdeterrmine, seqera_cli, eigenstratdatabasetools, bamtools, jellyfish, vcftools, longranger, stacks, varscan2, snippy, umitools, truvari, megahit, bbmap, bismark, biscuit, diamond, hicexplorer, hicup, hicpro, salmon, kallisto, slamdunk, star, hisat2, tophat, bowtie2, bowtie1, cellranger, snpsplit, odgi, pangolin, nextclade, freyja, humid, kat, leehom, librarian, nonpareil, adapterRemoval, bbduk, clipandmerge, cutadapt, flexbar, sourmash, kaiju, bracken, kraken, malt, motus, trimmomatic, sickle, skewer, sortmerna, biobloomtools, fastq_screen, afterqc, fastp, fastqc, filtlong, prinseqplusplus, pychopper, porechop, pycoqc, minionqc, anglerfish, multivcfanalyzer, clusterflow, checkqc, bcl2fastq, bclconvert, interop, ivar, flash, seqyclean, optitype, whatshap, spaceranger, xenome, xengsort, metaphlan, seqwho
[2024-12-28 10:47:46,833] multiqc                                            [DEBUG  ]  Using temporary directory for creating report: /tmp/tmp21xvhk6q
[2024-12-28 10:47:46,844] multiqc                                            [INFO   ]  Search path : /storage/brno12-cerit/home/duchmil/annotations/Noccaea_praecox_2024_12/rnaseq/2_trimmed_reads/fastqc
[2024-12-28 10:47:48,022] multiqc                                            [DEBUG  ]  Summary of files that were skipped by the search: [skipped_module_specific_max_filesize: 286] // [skipped_no_match: 22]
[2024-12-28 10:47:48,129] multiqc                                            [DEBUG  ]  No samples found: custom_content
[2024-12-28 10:47:50,930] multiqc.modules.fastqc.fastqc                      [INFO   ]  Found 22 reports
[2024-12-28 10:47:50,931] multiqc.utils.util_functions                       [DEBUG  ]  Wrote data file multiqc_fastqc.txt
[2024-12-28 10:48:00,912] multiqc.plots.plotly.heatmap                       [DEBUG  ]  Resizing from 495x572 to fit the maximum size 900x500
[2024-12-28 10:48:00,912] multiqc.plots.plotly.heatmap                       [DEBUG  ]  Heatmap size: 900x500, px per element: 81.82x22.73
[2024-12-28 10:48:02,784] multiqc.utils.software_versions                    [DEBUG  ]  Reading software versions from config.software_versions
[2024-12-28 10:48:02,921] multiqc.utils.util_functions                       [DEBUG  ]  Wrote data file multiqc_software_versions.txt
[2024-12-28 10:48:02,954] multiqc.utils.util_functions                       [DEBUG  ]  Wrote data file multiqc_general_stats.txt
[2024-12-28 10:48:02,954] multiqc                                            [DEBUG  ]  Compressing plot data
[2024-12-28 10:48:03,291] multiqc.utils.util_functions                       [DEBUG  ]  Wrote data file multiqc_data.json
[2024-12-28 10:48:03,293] multiqc                                            [INFO   ]  Report      : multiqc/Noccaea_RNAseq_MultiQC_report_after_trimming.html
[2024-12-28 10:48:03,294] multiqc                                            [INFO   ]  Data        : multiqc/Noccaea_RNAseq_MultiQC_report_after_trimming_data
[2024-12-28 10:48:03,294] multiqc                                            [DEBUG  ]  Moving data file from '/tmp/tmp21xvhk6q/multiqc_data' to '/auto/brno12-cerit/nfs4/home/duchmil/annotations/Noccaea_praecox_2024_12/rnaseq/2_trimmed_reads/multiqc/Noccaea_RNAseq_MultiQC_report_after_trimming_data'
[2024-12-28 10:48:03,341] multiqc                                            [DEBUG  ]  Full report path: /auto/brno12-cerit/nfs4/home/duchmil/annotations/Noccaea_praecox_2024_12/rnaseq/2_trimmed_reads/multiqc/Noccaea_RNAseq_MultiQC_report_after_trimming.html
[2024-12-28 10:48:12,181] multiqc                                            [INFO   ]  MultiQC complete
