[2025-06-05 15:38:59,979] multiqc                                            [DEBUG  ]  This is MultiQC v1.21
[2025-06-05 15:38:59,980] multiqc                                            [DEBUG  ]  Command used: /auto/brno2/home/duchmil/SW/mambaforge/envs/Multiqc/bin/multiqc --filename Cardamine_RNAseq_MultiQC_report_after_trimming --outdir /storage/brno12-cerit/home/duchmil/annotations/Cardamine_glauca_2025_06/rnaseq/2_trimmed_reads/multiqc /storage/brno12-cerit/home/duchmil/annotations/Cardamine_glauca_2025_06/rnaseq/2_trimmed_reads/fastqc
[2025-06-05 15:39:00,114] multiqc                                            [WARNING]  MultiQC Version v1.29 now available!
[2025-06-05 15:39:00,114] multiqc                                            [DEBUG  ]  Latest MultiQC version is v1.29, released 2025-05-22
[2025-06-05 15:39:00,115] multiqc                                            [DEBUG  ]  Working dir : /auto/brno12-cerit/nfs4/home/duchmil/annotations/Cardamine_glauca_2025_06/rnaseq/1_raw_reads
[2025-06-05 15:39:00,115] multiqc                                            [DEBUG  ]  Template    : default
[2025-06-05 15:39:00,115] multiqc                                            [DEBUG  ]  Running Python 3.11.9 | packaged by conda-forge | (main, Apr 19 2024, 18:36:13) [GCC 12.3.0]
[2025-06-05 15:39:00,116] multiqc                                            [DEBUG  ]  Analysing modules: custom_content, ccs, ngsderive, purple, conpair, isoseq, lima, peddy, somalier, methylqa, mosdepth, phantompeakqualtools, qualimap, bamdst, preseq, hifiasm, quast, qorts, rna_seqc, rockhopper, rsem, rseqc, busco, bustools, goleft_indexcov, gffcompare, disambiguate, supernova, deeptools, sargasso, verifybamid, mirtrace, happy, mirtop, sambamba, gopeaks, homer, hops, macs2, theta2, snpeff, gatk, htseq, bcftools, featureCounts, fgbio, dragen, dragen_fastqc, dedup, pbmarkdup, damageprofiler, mapdamage, biobambam2, jcvi, mtnucratio, picard, vep, bakta, prokka, qc3C, nanostat, samblaster, samtools, sexdeterrmine, seqera_cli, eigenstratdatabasetools, bamtools, jellyfish, vcftools, longranger, stacks, varscan2, snippy, umitools, truvari, megahit, bbmap, bismark, biscuit, diamond, hicexplorer, hicup, hicpro, salmon, kallisto, slamdunk, star, hisat2, tophat, bowtie2, bowtie1, cellranger, snpsplit, odgi, pangolin, nextclade, freyja, humid, kat, leehom, librarian, nonpareil, adapterRemoval, bbduk, clipandmerge, cutadapt, flexbar, sourmash, kaiju, bracken, kraken, malt, motus, trimmomatic, sickle, skewer, sortmerna, biobloomtools, fastq_screen, afterqc, fastp, fastqc, filtlong, prinseqplusplus, pychopper, porechop, pycoqc, minionqc, anglerfish, multivcfanalyzer, clusterflow, checkqc, bcl2fastq, bclconvert, interop, ivar, flash, seqyclean, optitype, whatshap, spaceranger, xenome, xengsort, metaphlan, seqwho
[2025-06-05 15:39:00,116] multiqc                                            [DEBUG  ]  Using temporary directory for creating report: /var/tmp/pbs.11101446.pbs-m1.metacentrum.cz/tmpcdqg5hub
[2025-06-05 15:39:00,121] multiqc                                            [INFO   ]  Search path : /storage/brno12-cerit/home/duchmil/annotations/Cardamine_glauca_2025_06/rnaseq/2_trimmed_reads/fastqc
[2025-06-05 15:39:00,302] multiqc                                            [DEBUG  ]  Summary of files that were skipped by the search: [skipped_module_specific_max_filesize: 182] // [skipped_no_match: 14]
[2025-06-05 15:39:00,410] multiqc                                            [DEBUG  ]  No samples found: custom_content
[2025-06-05 15:39:01,086] multiqc.modules.fastqc.fastqc                      [INFO   ]  Found 14 reports
[2025-06-05 15:39:01,087] multiqc.utils.util_functions                       [DEBUG  ]  Wrote data file multiqc_fastqc.txt
[2025-06-05 15:39:02,398] multiqc.plots.plotly.heatmap                       [DEBUG  ]  Resizing from 495x630 to fit the maximum size 900x500
[2025-06-05 15:39:02,398] multiqc.plots.plotly.heatmap                       [DEBUG  ]  Heatmap size: 900x500, px per element: 81.82x35.71
[2025-06-05 15:39:02,442] multiqc.utils.software_versions                    [DEBUG  ]  Reading software versions from config.software_versions
[2025-06-05 15:39:02,443] multiqc.utils.util_functions                       [DEBUG  ]  Wrote data file multiqc_software_versions.txt
[2025-06-05 15:39:02,457] multiqc.utils.util_functions                       [DEBUG  ]  Wrote data file multiqc_general_stats.txt
[2025-06-05 15:39:02,457] multiqc                                            [DEBUG  ]  Compressing plot data
[2025-06-05 15:39:02,596] multiqc.utils.util_functions                       [DEBUG  ]  Wrote data file multiqc_data.json
[2025-06-05 15:39:02,597] multiqc                                            [INFO   ]  Report      : ../2_trimmed_reads/multiqc/Cardamine_RNAseq_MultiQC_report_after_trimming.html
[2025-06-05 15:39:02,597] multiqc                                            [INFO   ]  Data        : ../2_trimmed_reads/multiqc/Cardamine_RNAseq_MultiQC_report_after_trimming_data
[2025-06-05 15:39:02,597] multiqc                                            [DEBUG  ]  Moving data file from '/var/tmp/pbs.11101446.pbs-m1.metacentrum.cz/tmpcdqg5hub/multiqc_data' to '/auto/brno12-cerit/nfs4/home/duchmil/annotations/Cardamine_glauca_2025_06/rnaseq/2_trimmed_reads/multiqc/Cardamine_RNAseq_MultiQC_report_after_trimming_data'
[2025-06-05 15:39:02,629] multiqc                                            [DEBUG  ]  Full report path: /auto/brno12-cerit/nfs4/home/duchmil/annotations/Cardamine_glauca_2025_06/rnaseq/2_trimmed_reads/multiqc/Cardamine_RNAseq_MultiQC_report_after_trimming.html
[2025-06-05 15:39:03,104] multiqc                                            [INFO   ]  MultiQC complete
